
--- EMAIL SENT AT 2026-04-18 03:07:31.831325 ---

    To: alice@org.com
    From: bob@org.com (Dr. Bob)
    Subject: Consent Request for Clinical Trial: Kinesiotape for Edema After Bilateral Total Knee Arthroplasty

    Dear Patient,

    Dr. Dr. Bob has requested your consent to participate in the following clinical trial:
    Title: Kinesiotape for Edema After Bilateral Total Knee Arthroplasty

    Trial Summary:
    No summary available.

    Please log in to the TrialBridge portal to review the full details and provide your decision.

    Best regards,
    TrialBridge Team

-----------------------------------

--- EMAIL SENT AT 2026-04-18 03:15:33.082076 ---

    To: alice@org.com
    From: bob@org.com (Dr. Bob)
    Subject: Consent Request for Clinical Trial: Kinesiotape for Edema After Bilateral Total Knee Arthroplasty

    Dear Patient,

    Dr. Dr. Bob has requested your consent to participate in the following clinical trial:
    Title: Kinesiotape for Edema After Bilateral Total Knee Arthroplasty

    Trial Summary:
    No summary available.

    Please log in to the TrialBridge portal to review the full details and provide your decision.

    Best regards,
    TrialBridge Team

-----------------------------------
